\BOOKMARK [0][-]{chapter.1}{\376\377\000V\000o\000c\000a\000b\000u\000l\000a\000i\000r\000e\000\040\000d\000e\000\040\000t\000h\000\351\000o\000r\000i\000e\000\040\000d\000e\000s\000\040\000e\000n\000s\000e\000m\000b\000l\000e\000s}{}% 1
\BOOKMARK [0][-]{chapter.2}{\376\377\000L\000o\000g\000a\000r\000i\000t\000h\000m\000e}{}% 2
\BOOKMARK [0][-]{chapter.3}{\376\377\000V\000e\000c\000t\000o\000r\000\040\000c\000a\000l\000c\000u\000l\000u\000s}{}% 3
\BOOKMARK [1][-]{section.3.1}{\376\377\000T\000h\000e\000\040\000v\000e\000c\000t\000o\000r\000\040\000p\000r\000o\000d\000u\000c\000t\000\050\000A\000x\000i\000a\000l\000\040\000v\000e\000c\000t\000o\000r\000\051}{chapter.3}% 4
\BOOKMARK [2][-]{subsection.3.1.1}{\376\377\000R\000u\000l\000e\000s\000\040\000o\000f\000\040\000c\000a\000l\000c\000u\000l\000a\000t\000i\000o\000n}{section.3.1}% 5
\BOOKMARK [0][-]{chapter.4}{\376\377\000T\000h\000e\000\040\000n\000a\000t\000u\000r\000a\000l\000\040\000n\000u\000m\000b\000e\000r\000s}{}% 6
\BOOKMARK [1][-]{section.4.1}{\376\377\000T\000h\000e\000\040\000P\000e\000a\000n\000o\000\040\000a\000x\000i\000o\000m\000s}{chapter.4}% 7
\BOOKMARK [0][-]{chapter.5}{\376\377\000E\000n\000s\000e\000m\000b\000l\000e\000s\000\040\000d\000e\000s\000\040\000n\000o\000m\000b\000r\000e\000s\000\040\000r\000\351\000e\000l\000s}{}% 8
\BOOKMARK [1][-]{section.5.1}{\376\377\000D\000e\000n\000s\000i\000t\000\351\000\040\000d\000e\000\040\000Q\000\040\000e\000t\000\040\000d\000e\000\040\000R\000Q}{chapter.5}% 9
\BOOKMARK [1][-]{section.5.2}{\376\377\000B\000o\000r\000n\000e\000\040\000s\000u\000p\000\351\000r\000i\000e\000u\000r\000e\000\040\000e\000t\000\040\000b\000o\000r\000n\000e\000\040\000i\000n\000f\000\351\000r\000i\000e\000u\000r\000e}{chapter.5}% 10
\BOOKMARK [0][-]{chapter.6}{\376\377\000G\000\351\000n\000\351\000r\000a\000l\000i\000t\000\351\000s\000\040\000s\000u\000r\000\040\000l\000e\000s\000\040\000f\000o\000n\000c\000t\000i\000o\000n\000s\000\040\000d\000'\000u\000n\000e\000\040\000v\000a\000r\000i\000a\000b\000l\000e\000\040\000r\000\351\000e\000l\000l\000e}{}% 11
\BOOKMARK [1][-]{section.6.1}{\376\377\000F\000o\000n\000c\000t\000i\000o\000n\000s\000\040\000l\000i\000p\000s\000c\000h\000i\000t\000z\000i\000e\000n\000n\000e\000s}{chapter.6}% 12
\BOOKMARK [1][-]{section.6.2}{\376\377\000F\000o\000n\000c\000t\000i\000o\000n\000s\000\040\000m\000o\000n\000o\000t\000o\000n\000e\000s}{chapter.6}% 13
\BOOKMARK [0][-]{chapter.7}{\376\377\000\311\000t\000u\000d\000e\000\040\000l\000o\000c\000a\000l\000e\000\040\000d\000'\000u\000n\000e\000\040\000f\000o\000n\000c\000t\000i\000o\000n}{}% 14
\BOOKMARK [0][-]{chapter.8}{\376\377\000R\000e\000l\000a\000t\000i\000o\000n\000\040\000d\000e\000\040\000c\000o\000m\000p\000a\000r\000a\000i\000s\000o\000n\000s}{}% 15
\BOOKMARK [0][-]{chapter.9}{\376\377\000S\000u\000i\000t\000e\000s\000\040\000r\000\351\000e\000l\000l\000e\000s\000\040\000e\000t\000\040\000c\000o\000m\000p\000l\000e\000x\000e\000s}{}% 16
\BOOKMARK [1][-]{section.9.1}{\376\377\000S\000u\000i\000t\000e\000\040\000d\000e\000\040\000n\000o\000m\000b\000r\000e\000s\000\040\000r\000\351\000e\000l\000s}{chapter.9}% 17
\BOOKMARK [2][-]{subsection.9.1.1}{\376\377\000D\000\351\000f\000i\000n\000i\000t\000i\000o\000n}{section.9.1}% 18
\BOOKMARK [2][-]{subsection.9.1.2}{\376\377\000S\000\351\000r\000i\000e\000s}{section.9.1}% 19
\BOOKMARK [0][-]{chapter.10}{\376\377\000D\000\351\000r\000i\000v\000a\000t\000i\000o\000n}{}% 20
\BOOKMARK [0][-]{chapter.11}{\376\377\000P\000r\000o\000b\000a\000b\000i\000l\000i\000t\000\351}{}% 21
\BOOKMARK [1][-]{section.11.1}{\376\377\000D\000\351\000f\000i\000n\000i\000t\000i\000o\000n\000\040\000e\000t\000\040\000p\000r\000o\000p\000r\000i\000\351\000t\000\351\000s\000\040\000d\000'\000u\000n\000e\000\040\000p\000r\000o\000b\000a\000b\000i\000l\000i\000t\000\351\000\040}{chapter.11}% 22
\BOOKMARK [2][-]{subsection.11.1.1}{\376\377\000D\000\351\000f\000i\000n\000i\000t\000i\000o\000n}{section.11.1}% 23
\BOOKMARK [2][-]{subsection.11.1.2}{\376\377\000M\000e\000s\000u\000r\000e\000\040\000d\000e\000\040\000D\000i\000r\000a\000c\000\040\000e\000n\000\040}{section.11.1}% 24
\BOOKMARK [1][-]{section.11.2}{\376\377\000S\000e\000t}{chapter.11}% 25
\BOOKMARK [2][-]{subsection.11.2.1}{\376\377\000A\000t\000o\000m\000s}{section.11.2}% 26
\BOOKMARK [0][-]{chapter.12}{\376\377\000R\000e\000l\000a\000t\000i\000o\000n\000s\000\040\000a\000n\000d\000\040\000O\000p\000e\000r\000a\000t\000i\000o\000n\000s}{}% 27
\BOOKMARK [0][-]{chapter.13}{\376\377\000G\000r\000o\000u\000p\000s\000\040\000a\000n\000d\000\040\000H\000o\000m\000o\000m\000o\000r\000p\000h\000i\000s\000m\000s}{}% 28
\BOOKMARK [1][-]{section.13.1}{\376\377\000C\000o\000s\000e\000t\000s}{chapter.13}% 29
\BOOKMARK [0][-]{chapter.14}{\376\377\000G\000\351\000n\000\351\000r\000a\000l\000i\000t\000\351\000\040\000s\000u\000r\000\040\000e\000s\000p\000a\000c\000e\000\040\000v\000e\000c\000t\000o\000r\000i\000e\000l}{}% 30
\BOOKMARK [0][-]{chapter.15}{\376\377\000O\000p\000\351\000r\000a\000t\000i\000o\000n\000\040\000s\000u\000r\000\040\000l\000e\000s\000\040\000e\000s\000p\000a\000c\000e\000s\000\040\000v\000e\000c\000t\000o\000r\000i\000e\000l\000s}{}% 31
\BOOKMARK [1][-]{section.15.1}{\376\377\000I\000n\000t\000e\000r\000s\000e\000c\000t\000i\000o\000n\000\040\000e\000t\000\040\000s\000o\000u\000s\000-\000e\000s\000p\000a\000c\000e\000\040\000e\000n\000g\000e\000n\000d\000r\000\351\000\040\000p\000a\000r\000\040\000u\000n\000e\000\040\000p\000a\000r\000t\000i\000e}{chapter.15}% 32
\BOOKMARK [1][-]{section.15.2}{\376\377\000S\000o\000m\000m\000e\000\040\000d\000e\000\040\000s\000o\000u\000s\000-\000e\000s\000p\000a\000c\000e\000s\000\040\000v\000e\000c\000t\000o\000r\000i\000e\000l\000s}{chapter.15}% 33
\BOOKMARK [1][-]{section.15.3}{\376\377\000S\000o\000m\000m\000e\000s\000\040\000d\000i\000r\000e\000c\000t\000e\000s\000\040\000e\000t\000\040\000s\000o\000u\000s\000-\000e\000s\000p\000a\000c\000e\000s\000\040\000s\000e\000c\000t\000o\000r\000i\000e\000l\000s\000\040\000s\000u\000p\000p\000l\000\351\000m\000e\000n\000t\000a\000i\000r\000e\000s}{chapter.15}% 34
\BOOKMARK [1][-]{section.15.4}{\376\377\000P\000r\000o\000d\000u\000i\000t\000\040\000c\000a\000r\000t\000\351\000s\000i\000e\000n\000\040\000d\000e\000\040\000d\000e\000u\000x\000\040\000e\000s\000p\000a\000c\000e\000s\000\040\000v\000e\000c\000t\000o\000r\000i\000e\000l}{chapter.15}% 35
\BOOKMARK [0][-]{chapter.16}{\376\377\000A\000p\000p\000l\000i\000c\000a\000t\000i\000o\000n\000s\000\040\000l\000i\000n\000\351\000a\000i\000r\000e\000s}{}% 36
\BOOKMARK [1][-]{subsection.16.0.1}{\376\377\000R\000e\000s\000t\000r\000i\000c\000t\000i\000o\000n\000\040\000e\000t\000\040\000r\000e\000c\000o\000l\000l\000e\000m\000e\000n\000t}{chapter.16}% 37
\BOOKMARK [0][-]{chapter.17}{\376\377\000I\000n\000t\000e\000g\000r\000a\000t\000i\000o\000n}{}% 38
\BOOKMARK [1][-]{section.17.1}{\376\377\000U\000p\000p\000e\000r\000\040\000a\000n\000d\000\040\000l\000o\000w\000e\000r\000\040\000R\000i\000e\000m\000a\000n\000n\000\040\000i\000n\000t\000e\000g\000r\000a\000l\000s}{chapter.17}% 39
